<?xml version="1.0" encoding="UTF-8"?>
<testng-results skipped="0" failed="0" total="2" passed="2">
  <reporter-output>
  </reporter-output>
  <suite name="Suite" duration-ms="68397" started-at="2020-04-23T15:35:49Z" finished-at="2020-04-23T15:36:58Z">
    <groups>
      <group name="cucumber">
        <method signature="AbstractTestNGCucumberTests.feature(cucumber.api.testng.CucumberFeatureWrapper)[pri:0, instance:runners.PositiveTest@dfd3711]" name="feature" class="cucumber.api.testng.AbstractTestNGCucumberTests"/>
      </group> <!-- cucumber -->
    </groups>
    <test name="Test" duration-ms="68397" started-at="2020-04-23T15:35:49Z" finished-at="2020-04-23T15:36:58Z">
      <class name="runners.PositiveTest">
        <test-method status="PASS" signature="setUpClass()[pri:0, instance:runners.PositiveTest@dfd3711]" name="setUpClass" is-config="true" duration-ms="179" started-at="2020-04-23T17:35:49Z" finished-at="2020-04-23T17:35:49Z">
          <reporter-output>
          </reporter-output>
        </test-method> <!-- setUpClass -->
        <test-method status="PASS" signature="setup()[pri:0, instance:runners.PositiveTest@dfd3711]" name="setup" is-config="true" duration-ms="158" started-at="2020-04-23T17:35:49Z" finished-at="2020-04-23T17:35:50Z">
          <reporter-output>
          </reporter-output>
        </test-method> <!-- setup -->
        <test-method status="PASS" signature="feature(cucumber.api.testng.CucumberFeatureWrapper)[pri:0, instance:runners.PositiveTest@dfd3711]" name="feature" duration-ms="47917" started-at="2020-04-23T17:35:50Z" description="Runs Cucumber Feature" data-provider="features" finished-at="2020-04-23T17:36:38Z">
          <params>
            <param index="0">
              <value>
                <![CDATA[Acceptance testing to validate Search Cars Page is working.]]>
              </value>
            </param>
          </params>
          <reporter-output>
          </reporter-output>
        </test-method> <!-- feature -->
        <test-method status="PASS" signature="feature(cucumber.api.testng.CucumberFeatureWrapper)[pri:0, instance:runners.PositiveTest@dfd3711]" name="feature" duration-ms="20026" started-at="2020-04-23T17:36:38Z" description="Runs Cucumber Feature" data-provider="features" finished-at="2020-04-23T17:36:58Z">
          <params>
            <param index="0">
              <value>
                <![CDATA[Acceptance testing to validate Search Cars Page is working.]]>
              </value>
            </param>
          </params>
          <reporter-output>
          </reporter-output>
        </test-method> <!-- feature -->
        <test-method status="PASS" signature="tearDownClass()[pri:0, instance:runners.PositiveTest@dfd3711]" name="tearDownClass" is-config="true" duration-ms="54" started-at="2020-04-23T17:36:58Z" finished-at="2020-04-23T17:36:58Z">
          <reporter-output>
          </reporter-output>
        </test-method> <!-- tearDownClass -->
      </class> <!-- runners.PositiveTest -->
    </test> <!-- Test -->
  </suite> <!-- Suite -->
</testng-results>
